ERR598944,345574560
ERR598950,62109422
ERR598955,346692008
ERR598958,339721848
ERR598963,357891876
ERR598964,388065794
ERR598968,338943134
ERR598976,396286730
ERR598983,352030928
ERR598985,328237008
ERR598986,369538288
ERR598996,364054734
ERR599001,388462874
ERR599003,57644884
ERR599029,342398030
ERR599047,307846576
ERR599078,329240054
ERR599095,414183674
ERR599100,311581824
ERR599123,346238396
ERR599136,314283624
ERR599166,354224626
ERR599170,387769558
SRR3960572,27406924
SRR3960575,39308220
SRR3960576,30952672
SRR3960577,31948884
SRR3960578,30662148
SRR3960580,37837998
SRR3960581,19691374
