ERR598949,62687050
ERR598960,388157316
ERR598966,86139608
ERR598970,84967914
ERR598972,80822872
ERR598974,65376348
ERR598979,94389398
ERR598990,113327170
ERR599018,49361000
ERR599021,89824182
ERR599023,250528632
ERR599025,79027492
ERR599026,337711862
ERR599028,336725302
ERR599031,58551248
ERR599034,58568466
ERR599057,324775688
ERR599062,340252970
ERR599082,356999616
ERR599088,83846616
ERR599102,182440422
ERR599109,77608138
ERR599110,270878286
ERR599112,434938762
ERR599143,165026308
ERR599146,195810696
ERR599150,460647798
ERR599158,79399842
ERR599164,155108138
ERR599167,182383086
SRR3963457,24495236
SRR3963458,18865674
SRR3963498,18882704
SRR3963571,19632250
SRR3963599,20899178
SRR3963622,18383848
SRR3963658,21505244
SRR3963804,26664680
SRR3963805,20705072
SRR3963982,22861676
SRR3964650,24003018
