ERR594313,348440878
ERR594325,348641518
ERR594395,43770026
ERR594404,44174042
ERR598943,72669084
ERR598952,41755516
ERR598962,47434904
ERR598965,338611726
ERR598971,324469862
ERR598978,265223826
ERR598994,78083054
ERR598997,53579402
ERR599007,265453718
ERR599055,46888406
ERR599064,274983484
ERR599065,214340308
ERR599067,63104494
ERR599108,83912834
ERR599118,318539562
ERR599128,94688184
ERR599132,257438720
ERR599144,79231696
ERR599168,96287482
ERR599346,102166560
ERR599349,83338338
ERR599353,82514022
