ERR598943,72669084
ERR598948,306153050
ERR598954,399008374
ERR598957,412959348
ERR598962,47434904
ERR598978,265223826
ERR598992,278380318
ERR598999,99112036
ERR599007,265453718
ERR599014,423500782
ERR599020,385005800
ERR599033,99326388
ERR599039,321797088
ERR599042,79696588
ERR599055,46888406
ERR599071,378257246
ERR599072,303174866
ERR599079,175548880
ERR599083,101696572
ERR599085,72190706
ERR599093,164760200
ERR599096,98582242
ERR599120,88382540
ERR599128,94688184
ERR599132,257438720
ERR599168,96287482
SRR3962680,13429530
SRR3962772,17114758
SRR3962773,26122160
SRR3962777,22397350
SRR3963449,22409042
SRR3963456,21322678
