ERR598947,315526850
ERR598984,351328668
ERR599000,389234468
ERR599005,198402976
ERR599009,165902778
ERR599010,60118134
ERR599017,132649034
ERR599027,71956568
ERR599035,102991786
ERR599040,66223872
ERR599044,304449002
ERR599048,16484825
ERR599056,64900280
ERR599103,65194410
ERR599105,68749000
ERR599122,372264004
ERR599126,401607154
ERR599129,72116178
ERR599131,58184106
ERR599133,233141600
ERR599137,94479678
ERR599148,367128516
ERR599149,10700196
SRR3965592,20647070
SRR3965647,8937026
SRR3965676,21003180
SRR3965758,21486528
SRR3965809,16413016
SRR3965873,22631886
SRR3965874,16514662
SRR3965875,20904218
SRR3966130,21322888
SRR3967025,22585646
SRR3967319,33892400
SRR3967558,28244466
SRR3967690,24236752
SRR3967699,17220148
SRR3967700,26118052
SRR3968060,21152036
SRR3968061,10115168
