ERR315856,178519830
ERR315857,221166612
ERR315858,74945278
ERR315859,74369376
ERR315860,73031176
ERR315861,74620732
ERR315862,315859696
ERR315863,162925886
ERR318618,156727242
ERR318619,15507878
ERR318620,158919166
ERR318621,15682748
ERR594288,294901694
ERR594315,59517360
ERR594316,48980204
ERR594317,145735528
ERR594329,357035914
ERR594352,83512712
ERR594358,95017812
ERR594375,105112790
ERR594396,104229466
ERR594405,78188714
ERR594408,82774050
ERR598951,60342894
ERR598993,358760986
ERR599043,397217528
ERR599073,69349096
ERR599092,338672086
ERR599094,328293714
ERR599140,56215322
ERR599153,58334102
