ERR598942,359284260
ERR598952,41755516
ERR598971,324469862
ERR598980,407894524
ERR598987,95328914
ERR598989,371142378
ERR598995,522620482
ERR598997,53579402
ERR599004,85817584
ERR599015,100546298
ERR599030,342278366
ERR599051,86821874
ERR599052,539113764
ERR599060,86792774
ERR599065,214340308
ERR599067,63104494
ERR599070,96356972
ERR599076,100565118
ERR599087,391822972
ERR599099,96798252
ERR599108,83912834
ERR599115,437816192
ERR599118,318539562
ERR599127,100810360
ERR599142,333427578
ERR599147,96586904
ERR599152,100792620
ERR599175,86793482
SRR3960579,23911388
SRR3960684,25260202
SRR3961047,21925758
SRR3961604,20955754
SRR3961906,15364132
SRR3961935,22541044
SRR3961936,19973224
SRR3962293,26348004
SRR3962508,17926928
SRR3962771,26711158
SRR3965585,19727474
SRR3965586,20721846
SRR3967905,13545534
SRR3968062,23343370
SRR3968063,22654876
SRR3968770,23095360
SRR3968777,23607510
