SRR3965592,20647070
SRR3960575,39308220
SRR3965758,21486528
SRR3960577,31948884
SRR3965873,22631886
SRR3965874,16514662
SRR3960578,30662148
SRR3966130,21322888
SRR3960576,30952672
SRR3967319,33892400
SRR3967690,24236752
SRR3960580,37837998
SRR3967700,26118052
SRR3960581,19691374
SRR3965647,8937026
SRR3965676,21003180
SRR3965809,16413016
SRR3965875,20904218
SRR3967025,22585646
SRR3967558,28244466
SRR3967699,17220148
SRR3968060,21152036
SRR3962680,13429530
SRR3962773,26122160
SRR3963449,22409042
SRR3962772,17114758
SRR3962777,22397350
SRR3963456,21322678
SRR3960579,23911388
SRR3961047,21925758
SRR3961906,15364132
SRR3961935,22541044
SRR3962293,26348004
SRR3965586,20721846
SRR3968062,23343370
SRR3968777,23607510
SRR3960684,25260202
SRR3961604,20955754
SRR3961936,19973224
SRR3962508,17926928
SRR3965585,19727474
SRR3967905,13545534
SRR3968063,22654876
SRR3968770,23095360
SRR3963457,24495236
SRR3963458,18865674
SRR3963622,18383848
SRR3963804,26664680
SRR3963982,22861676
SRR3963498,18882704
SRR3963571,19632250
SRR3963599,20899178
SRR3963658,21505244
SRR3963805,20705072
SRR3964650,24003018
