ERR594290,155703200
ERR594312,157533556
ERR594327,49964608
ERR594330,70533644
ERR594334,47924602
ERR594345,377034516
ERR594346,183842664
ERR598949,62687050
ERR598966,86139608
ERR598974,65376348
ERR599028,336725302
ERR599031,58551248
ERR599037,194939668
ERR599062,340252970
ERR599082,356999616
ERR599102,182440422
ERR599109,77608138
ERR599143,165026308
ERR599145,338044892
ERR599158,79399842
ERR599167,182383086
ERR599172,81729382
ERR594313,348440878
ERR594325,348641518
ERR594395,43770026
ERR594404,44174042
ERR598943,72669084
ERR598952,41755516
ERR598962,47434904
ERR598965,338611726
ERR598971,324469862
ERR598978,265223826
ERR598994,78083054
ERR598997,53579402
ERR599007,265453718
ERR599055,46888406
ERR599064,274983484
ERR599065,214340308
ERR599067,63104494
ERR599108,83912834
ERR599118,318539562
ERR599128,94688184
ERR599132,257438720
ERR599144,79231696
ERR599168,96287482
ERR599346,102166560
ERR599349,83338338
ERR599353,82514022
ERR598949,62687050
ERR598960,388157316
ERR598966,86139608
ERR598970,84967914
ERR598972,80822872
ERR598974,65376348
ERR598979,94389398
ERR598990,113327170
ERR599018,49361000
ERR599021,89824182
ERR599023,250528632
ERR599025,79027492
ERR599026,337711862
ERR599028,336725302
ERR599031,58551248
ERR599034,58568466
ERR599057,324775688
ERR599062,340252970
ERR599082,356999616
ERR599088,83846616
ERR599102,182440422
ERR599109,77608138
ERR599110,270878286
ERR599112,434938762
ERR599143,165026308
ERR599146,195810696
ERR599150,460647798
ERR599158,79399842
ERR599164,155108138
ERR599167,182383086
SRR3963457,24495236
SRR3963458,18865674
SRR3963498,18882704
SRR3963571,19632250
SRR3963599,20899178
SRR3963622,18383848
SRR3963658,21505244
SRR3963804,26664680
SRR3963805,20705072
SRR3963982,22861676
SRR3964650,24003018
ERR315856,178519830
ERR315857,221166612
ERR315858,74945278
ERR315859,74369376
ERR315860,73031176
ERR315861,74620732
ERR315862,315859696
ERR315863,162925886
ERR318618,156727242
ERR318619,15507878
ERR318620,158919166
ERR318621,15682748
ERR594288,294901694
ERR594315,59517360
ERR594316,48980204
ERR594317,145735528
ERR594329,357035914
ERR594352,83512712
ERR594358,95017812
ERR594375,105112790
ERR594396,104229466
ERR594405,78188714
ERR594408,82774050
ERR598951,60342894
ERR598993,358760986
ERR599043,397217528
ERR599073,69349096
ERR599092,338672086
ERR599094,328293714
ERR599140,56215322
ERR599153,58334102
ERR598944,345574560
ERR598950,62109422
ERR598955,346692008
ERR598958,339721848
ERR598963,357891876
ERR598964,388065794
ERR598968,338943134
ERR598976,396286730
ERR598983,352030928
ERR598985,328237008
ERR598986,369538288
ERR598996,364054734
ERR599001,388462874
ERR599003,57644884
ERR599029,342398030
ERR599047,307846576
ERR599078,329240054
ERR599095,414183674
ERR599100,311581824
ERR599123,346238396
ERR599136,314283624
ERR599166,354224626
ERR599170,387769558
SRR3960572,27406924
SRR3960575,39308220
SRR3960576,30952672
SRR3960577,31948884
SRR3960578,30662148
SRR3960580,37837998
SRR3960581,19691374
ERR598942,359284260
ERR598952,41755516
ERR598971,324469862
ERR598980,407894524
ERR598987,95328914
ERR598989,371142378
ERR598995,522620482
ERR598997,53579402
ERR599004,85817584
ERR599015,100546298
ERR599030,342278366
ERR599051,86821874
ERR599052,539113764
ERR599060,86792774
ERR599065,214340308
ERR599067,63104494
ERR599070,96356972
ERR599076,100565118
ERR599087,391822972
ERR599099,96798252
ERR599108,83912834
ERR599115,437816192
ERR599118,318539562
ERR599127,100810360
ERR599142,333427578
ERR599147,96586904
ERR599152,100792620
ERR599175,86793482
SRR3960579,23911388
SRR3960684,25260202
SRR3961047,21925758
SRR3961604,20955754
SRR3961906,15364132
SRR3961935,22541044
SRR3961936,19973224
SRR3962293,26348004
SRR3962508,17926928
SRR3962771,26711158
SRR3965585,19727474
SRR3965586,20721846
SRR3967905,13545534
SRR3968062,23343370
SRR3968063,22654876
SRR3968770,23095360
SRR3968777,23607510
ERR594328,208403344
ERR598959,79176454
ERR598969,68973870
ERR598975,75354742
ERR598991,162131970
ERR599041,97366496
ERR599049,170267750
ERR599061,59906108
ERR599097,334116632
ERR599106,332777654
ERR599111,374061416
ERR599116,255613016
ERR599134,84802594
ERR599155,44690558
ERR598947,315526850
ERR598984,351328668
ERR599000,389234468
ERR599005,198402976
ERR599009,165902778
ERR599010,60118134
ERR599017,132649034
ERR599027,71956568
ERR599035,102991786
ERR599040,66223872
ERR599044,304449002
ERR599048,16484825
ERR599056,64900280
ERR599103,65194410
ERR599105,68749000
ERR599122,372264004
ERR599126,401607154
ERR599129,72116178
ERR599131,58184106
ERR599133,233141600
ERR599137,94479678
ERR599148,367128516
ERR599149,10700196
SRR3965592,20647070
SRR3965647,8937026
SRR3965676,21003180
SRR3965758,21486528
SRR3965809,16413016
SRR3965873,22631886
SRR3965874,16514662
SRR3965875,20904218
SRR3966130,21322888
SRR3967025,22585646
SRR3967319,33892400
SRR3967558,28244466
SRR3967690,24236752
SRR3967699,17220148
SRR3967700,26118052
SRR3968060,21152036
SRR3968061,10115168
ERR598943,72669084
ERR598948,306153050
ERR598954,399008374
ERR598957,412959348
ERR598962,47434904
ERR598978,265223826
ERR598992,278380318
ERR598999,99112036
ERR599007,265453718
ERR599014,423500782
ERR599020,385005800
ERR599033,99326388
ERR599039,321797088
ERR599042,79696588
ERR599055,46888406
ERR599071,378257246
ERR599072,303174866
ERR599079,175548880
ERR599083,101696572
ERR599085,72190706
ERR599093,164760200
ERR599096,98582242
ERR599120,88382540
ERR599128,94688184
ERR599132,257438720
ERR599168,96287482
SRR3962680,13429530
SRR3962772,17114758
SRR3962773,26122160
SRR3962777,22397350
SRR3963449,22409042
SRR3963456,21322678
