ERR1711866,23146332
ERR1711948,84850526
ERR1711862,308024176
ERR1712004,282478752
ERR1712040,14241392
ERR1712063,53800990
ERR1711996,271442294
ERR1712071,298802302
ERR1712007,240309942
ERR1712015,270048142
ERR1712115,308533340
ERR1712157,268401028
ERR1712050,290232962
ERR1712170,92492076
ERR1712060,281661718
ERR1712194,287285240
ERR1712211,67599832
ERR1712066,296716434
ERR1712108,73446574
ERR1712228,298408060
ERR1712125,77674034
ERR1712147,266975604
ERR1719176,388816856
ERR1712186,98795904
ERR1719254,88232406
ERR1712190,270601194
ERR1719317,288280556
ERR1712192,253891892
ERR1719356,369237342
ERR1719188,383545804
ERR1719190,76582456
ERR1719432,107814540
ERR1719394,363629718
ERR1719497,69712210
ERR1719493,97002274
ERR1739849,91789334
ERR1719517,79704732
