SRR3965592,20647070
ERR598949,62687050
SRR3960575,39308220
ERR598952,41755516
SRR3965758,21486528
ERR598943,72669084
SRR3960577,31948884
SRR3965873,22631886
ERR598943,72669084
ERR598959,79176454
SRR3965874,16514662
SRR3960578,30662148
ERR598952,41755516
SRR3966130,21322888
ERR598969,68973870
SRR3960576,30952672
ERR598962,47434904
ERR315856,178519830
SRR3967319,33892400
SRR3967690,24236752
SRR3960580,37837998
ERR598975,75354742
SRR3967700,26118052
SRR3960581,19691374
SRR3965647,8937026
SRR3965676,21003180
SRR3965809,16413016
SRR3965875,20904218
ERR598971,324469862
SRR3967025,22585646
ERR598960,388157316
ERR598991,162131970
ERR315857,221166612
SRR3967558,28244466
ERR598960,388157316
SRR3967699,17220148
ERR598954,399008374
ERR598987,95328914
SRR3968060,21152036
ERR598974,65376348
ERR598973,72771250
ERR598971,324469862
ERR599041,97366496
ERR598979,94389398
ERR598997,53579402
ERR598979,94389398
ERR599055,46888406
ERR598982,75055482
ERR598990,113327170
ERR599049,170267750
ERR315862,315859696
ERR599061,59906108
ERR598990,113327170
ERR599065,214340308
ERR598989,371142378
ERR598957,412959348
ERR318618,156727242
ERR599067,63104494
ERR598997,53579402
ERR598962,47434904
ERR598951,60342894
ERR599108,83912834
ERR599055,46888406
ERR599015,100546298
ERR599026,337711862
ERR599031,58551248
ERR599012,291429494
ERR599111,374061416
ERR599118,318539562
ERR598993,358760986
ERR599030,342278366
ERR599071,378257246
ERR599057,324775688
ERR599026,337711862
ERR599065,214340308
ERR599132,257438720
ERR599067,63104494
ERR599094,328293714
ERR599072,303174866
ERR599070,96356972
ERR599062,340252970
ERR599057,324775688
ERR599076,100565118
ERR599079,175548880
ERR599099,96798252
ERR599083,101696572
ERR599108,83912834
ERR599058,336385740
ERR599082,356999616
ERR599132,257438720
SRR3962680,13429530
SRR3962773,26122160
ERR599118,318539562
SRR3963449,22409042
ERR599102,182440422
SRR3962772,17114758
SRR3962777,22397350
ERR599127,100810360
SRR3963456,21322678
ERR599109,77608138
SRR3960579,23911388
SRR3961047,21925758
SRR3961906,15364132
SRR3961935,22541044
SRR3962293,26348004
SRR3965586,20721846
SRR3968062,23343370
SRR3968777,23607510
SRR3960684,25260202
SRR3961604,20955754
SRR3961936,19973224
SRR3962508,17926928
SRR3965585,19727474
SRR3967905,13545534
ERR599112,434938762
SRR3968063,22654876
SRR3968770,23095360
ERR599167,182383086
SRR3963457,24495236
SRR3963458,18865674
SRR3963622,18383848
SRR3963804,26664680
SRR3963982,22861676
SRR3963498,18882704
SRR3963571,19632250
SRR3963599,20899178
SRR3963658,21505244
SRR3963805,20705072
SRR3964650,24003018
